<?xml version="1.0" encoding="UTF-8"?>
<testsuite name="com.jojoldu.book.springboot.web.IndexControllerTest" tests="1" skipped="0" failures="0" errors="0" timestamp="2020-01-23T06:44:14" hostname="isin-yug-ui-iMac.local" time="0.19">
  <properties/>
  <testcase name="메인페이지_로딩" classname="com.jojoldu.book.springboot.web.IndexControllerTest" time="0.19"/>
  <system-out><![CDATA[2020-01-23 15:44:10.119  INFO 1189 --- [    Test worker] .b.t.c.SpringBootTestContextBootstrapper : Neither @ContextConfiguration nor @ContextHierarchy found for test class [com.jojoldu.book.springboot.web.IndexControllerTest], using SpringBootContextLoader
2020-01-23 15:44:10.120  INFO 1189 --- [    Test worker] o.s.t.c.support.AbstractContextLoader    : Could not detect default resource locations for test class [com.jojoldu.book.springboot.web.IndexControllerTest]: no resource found for suffixes {-context.xml, Context.groovy}.
2020-01-23 15:44:10.121  INFO 1189 --- [    Test worker] t.c.s.AnnotationConfigContextLoaderUtils : Could not detect default configuration classes for test class [com.jojoldu.book.springboot.web.IndexControllerTest]: IndexControllerTest does not declare any static, non-private, non-final, nested classes annotated with @Configuration.
2020-01-23 15:44:10.124  INFO 1189 --- [    Test worker] .b.t.c.SpringBootTestContextBootstrapper : Found @SpringBootConfiguration com.jojoldu.book.springboot.Application for test class com.jojoldu.book.springboot.web.IndexControllerTest
2020-01-23 15:44:10.127  INFO 1189 --- [    Test worker] .b.t.c.SpringBootTestContextBootstrapper : Loaded default TestExecutionListener class names from location [META-INF/spring.factories]: [org.springframework.security.test.context.support.WithSecurityContextTestExecutionListener, org.springframework.security.test.context.support.ReactorContextTestExecutionListener, org.springframework.boot.test.autoconfigure.restdocs.RestDocsTestExecutionListener, org.springframework.boot.test.autoconfigure.web.client.MockRestServiceServerResetTestExecutionListener, org.springframework.boot.test.autoconfigure.web.servlet.MockMvcPrintOnlyOnFailureTestExecutionListener, org.springframework.boot.test.autoconfigure.web.servlet.WebDriverTestExecutionListener, org.springframework.boot.test.mock.mockito.MockitoTestExecutionListener, org.springframework.boot.test.mock.mockito.ResetMocksTestExecutionListener, org.springframework.test.context.web.ServletTestExecutionListener, org.springframework.test.context.support.DirtiesContextBeforeModesTestExecutionListener, org.springframework.test.context.support.DependencyInjectionTestExecutionListener, org.springframework.test.context.support.DirtiesContextTestExecutionListener, org.springframework.test.context.transaction.TransactionalTestExecutionListener, org.springframework.test.context.jdbc.SqlScriptsTestExecutionListener]
2020-01-23 15:44:10.132  INFO 1189 --- [    Test worker] .b.t.c.SpringBootTestContextBootstrapper : Using TestExecutionListeners: [org.springframework.test.context.web.ServletTestExecutionListener@7ddeb715, org.springframework.test.context.support.DirtiesContextBeforeModesTestExecutionListener@563fd5ec, org.springframework.boot.test.mock.mockito.MockitoTestExecutionListener@4693efba, org.springframework.boot.test.autoconfigure.SpringBootDependencyInjectionTestExecutionListener@3b66a9bf, org.springframework.test.context.support.DirtiesContextTestExecutionListener@3388c7d9, org.springframework.test.context.transaction.TransactionalTestExecutionListener@1bb0e4f1, org.springframework.test.context.jdbc.SqlScriptsTestExecutionListener@42072602, org.springframework.security.test.context.support.WithSecurityContextTestExecutionListener@4ca244ac, org.springframework.security.test.context.support.ReactorContextTestExecutionListener@3961f4ee, org.springframework.boot.test.autoconfigure.restdocs.RestDocsTestExecutionListener@25ea085f, org.springframework.boot.test.autoconfigure.web.client.MockRestServiceServerResetTestExecutionListener@5e260dd6, org.springframework.boot.test.autoconfigure.web.servlet.MockMvcPrintOnlyOnFailureTestExecutionListener@ffb59a, org.springframework.boot.test.autoconfigure.web.servlet.WebDriverTestExecutionListener@360fe7ef, org.springframework.boot.test.mock.mockito.ResetMocksTestExecutionListener@43d2a981]

  .   ____          _            __ _ _
 /\\ / ___'_ __ _ _(_)_ __  __ _ \ \ \ \
( ( )\___ | '_ | '_| | '_ \/ _` | \ \ \ \
 \\/  ___)| |_)| | | | | || (_| |  ) ) ) )
  '  |____| .__|_| |_|_| |_\__, | / / / /
 =========|_|==============|___/=/_/_/_/
 :: Spring Boot ::        (v2.1.7.RELEASE)

2020-01-23 15:44:10.170  INFO 1189 --- [    Test worker] c.j.b.s.web.IndexControllerTest          : Starting IndexControllerTest on isin-yug-ui-iMac.local with PID 1189 (started by leeshinyook in /Users/leeshinyook/springboot2-webservice)
2020-01-23 15:44:10.171  INFO 1189 --- [    Test worker] c.j.b.s.web.IndexControllerTest          : No active profile set, falling back to default profiles: default
2020-01-23 15:44:10.573  INFO 1189 --- [    Test worker] .s.d.r.c.RepositoryConfigurationDelegate : Bootstrapping Spring Data repositories in DEFAULT mode.
2020-01-23 15:44:10.640  INFO 1189 --- [    Test worker] .s.d.r.c.RepositoryConfigurationDelegate : Finished Spring Data repository scanning in 55ms. Found 2 repository interfaces.
2020-01-23 15:44:10.903  INFO 1189 --- [    Test worker] trationDelegate$BeanPostProcessorChecker : Bean 'org.springframework.transaction.annotation.ProxyTransactionManagementConfiguration' of type [org.springframework.transaction.annotation.ProxyTransactionManagementConfiguration$$EnhancerBySpringCGLIB$$4e900d0b] is not eligible for getting processed by all BeanPostProcessors (for example: not eligible for auto-proxying)
2020-01-23 15:44:11.197  INFO 1189 --- [    Test worker] o.s.b.w.embedded.tomcat.TomcatWebServer  : Tomcat initialized with port(s): 0 (http)
2020-01-23 15:44:11.237  INFO 1189 --- [    Test worker] o.apache.catalina.core.StandardService   : Starting service [Tomcat]
2020-01-23 15:44:11.237  INFO 1189 --- [    Test worker] org.apache.catalina.core.StandardEngine  : Starting Servlet engine: [Apache Tomcat/9.0.22]
2020-01-23 15:44:11.378  INFO 1189 --- [    Test worker] o.a.c.c.C.[Tomcat].[localhost].[/]       : Initializing Spring embedded WebApplicationContext
2020-01-23 15:44:11.378  INFO 1189 --- [    Test worker] o.s.web.context.ContextLoader            : Root WebApplicationContext: initialization completed in 1204 ms
2020-01-23 15:44:11.615  INFO 1189 --- [    Test worker] com.zaxxer.hikari.HikariDataSource       : HikariPool-1 - Starting...
2020-01-23 15:44:11.862  INFO 1189 --- [    Test worker] com.zaxxer.hikari.HikariDataSource       : HikariPool-1 - Start completed.
2020-01-23 15:44:11.971  INFO 1189 --- [    Test worker] o.hibernate.jpa.internal.util.LogHelper  : HHH000204: Processing PersistenceUnitInfo [
	name: default
	...]
2020-01-23 15:44:12.071  INFO 1189 --- [    Test worker] org.hibernate.Version                    : HHH000412: Hibernate Core {5.3.10.Final}
2020-01-23 15:44:12.075  INFO 1189 --- [    Test worker] org.hibernate.cfg.Environment            : HHH000206: hibernate.properties not found
2020-01-23 15:44:12.139  INFO 1189 --- [    Test worker] o.hibernate.annotations.common.Version   : HCANN000001: Hibernate Commons Annotations {5.0.4.Final}
2020-01-23 15:44:12.314  INFO 1189 --- [    Test worker] org.hibernate.dialect.Dialect            : HHH000400: Using dialect: org.hibernate.dialect.MySQL5InnoDBDialect
Hibernate: drop table if exists posts
Hibernate: drop table if exists user
Hibernate: create table posts (id bigint not null auto_increment, created_date datetime, modified_date datetime, author varchar(255), content TEXT not null, title varchar(500) not null, primary key (id)) engine=InnoDB
Hibernate: create table user (id bigint not null auto_increment, created_date datetime, modified_date datetime, email varchar(255) not null, name varchar(255) not null, picture varchar(255), role varchar(255) not null, primary key (id)) engine=InnoDB
2020-01-23 15:44:12.973  INFO 1189 --- [    Test worker] o.h.t.schema.internal.SchemaCreatorImpl  : HHH000476: Executing import script 'org.hibernate.tool.schema.internal.exec.ScriptSourceInputNonExistentImpl@6d61756a'
2020-01-23 15:44:12.978  INFO 1189 --- [    Test worker] j.LocalContainerEntityManagerFactoryBean : Initialized JPA EntityManagerFactory for persistence unit 'default'
2020-01-23 15:44:13.592  INFO 1189 --- [    Test worker] o.h.h.i.QueryTranslatorFactoryInitiator  : HHH000397: Using ASTQueryTranslatorFactory
2020-01-23 15:44:13.904  INFO 1189 --- [    Test worker] o.s.s.web.DefaultSecurityFilterChain     : Creating filter chain: any request, [org.springframework.security.web.context.request.async.WebAsyncManagerIntegrationFilter@1af9d5c1, org.springframework.security.web.context.SecurityContextPersistenceFilter@16a142f0, org.springframework.security.web.header.HeaderWriterFilter@7b03b91b, org.springframework.security.web.authentication.logout.LogoutFilter@5a9d7ff3, org.springframework.security.oauth2.client.web.OAuth2AuthorizationRequestRedirectFilter@442cda62, org.springframework.security.oauth2.client.web.OAuth2LoginAuthenticationFilter@455edef3, org.springframework.security.web.authentication.ui.DefaultLoginPageGeneratingFilter@46b71317, org.springframework.security.web.authentication.ui.DefaultLogoutPageGeneratingFilter@ea13c76, org.springframework.security.web.savedrequest.RequestCacheAwareFilter@670a6d56, org.springframework.security.web.servletapi.SecurityContextHolderAwareRequestFilter@1a7cbcd, org.springframework.security.web.authentication.AnonymousAuthenticationFilter@f9a5a3d, org.springframework.security.web.session.SessionManagementFilter@7e807e1, org.springframework.security.web.access.ExceptionTranslationFilter@6722cf15, org.springframework.security.web.access.intercept.FilterSecurityInterceptor@6428c203]
2020-01-23 15:44:14.067  INFO 1189 --- [    Test worker] o.s.s.concurrent.ThreadPoolTaskExecutor  : Initializing ExecutorService 'applicationTaskExecutor'
2020-01-23 15:44:14.085  WARN 1189 --- [    Test worker] aWebConfiguration$JpaWebMvcConfiguration : spring.jpa.open-in-view is enabled by default. Therefore, database queries may be performed during view rendering. Explicitly configure spring.jpa.open-in-view to disable this warning
2020-01-23 15:44:14.116  INFO 1189 --- [    Test worker] o.s.b.a.w.s.WelcomePageHandlerMapping    : Adding welcome page template: index
2020-01-23 15:44:14.383  INFO 1189 --- [    Test worker] s.a.ScheduledAnnotationBeanPostProcessor : No TaskScheduler/ScheduledExecutorService bean found for scheduled processing
2020-01-23 15:44:14.410  INFO 1189 --- [    Test worker] o.s.b.w.embedded.tomcat.TomcatWebServer  : Tomcat started on port(s): 49722 (http) with context path ''
2020-01-23 15:44:14.411  INFO 1189 --- [    Test worker] c.j.b.s.web.IndexControllerTest          : Started IndexControllerTest in 4.275 seconds (JVM running for 8.866)
2020-01-23 15:44:14.501  INFO 1189 --- [o-auto-1-exec-1] o.a.c.c.C.[Tomcat].[localhost].[/]       : Initializing Spring DispatcherServlet 'dispatcherServlet'
2020-01-23 15:44:14.502  INFO 1189 --- [o-auto-1-exec-1] o.s.web.servlet.DispatcherServlet        : Initializing Servlet 'dispatcherServlet'
2020-01-23 15:44:14.514  INFO 1189 --- [o-auto-1-exec-1] o.s.web.servlet.DispatcherServlet        : Completed initialization in 12 ms
Hibernate: select posts0_.id as id1_0_, posts0_.created_date as created_2_0_, posts0_.modified_date as modified3_0_, posts0_.author as author4_0_, posts0_.content as content5_0_, posts0_.title as title6_0_ from posts posts0_ order by posts0_.id DESC
]]></system-out>
  <system-err><![CDATA[]]></system-err>
</testsuite>
