<?xml version="1.0" encoding="UTF-8"?>
<testsuite name="com.jojoldu.book.springboot.domain.posts.PostsRepositoryTest" tests="2" skipped="0" failures="0" errors="0" timestamp="2020-01-22T17:30:05" hostname="isin-yug-ui-iMac.local" time="0.041">
  <properties/>
  <testcase name="게시글저장_불러오기" classname="com.jojoldu.book.springboot.domain.posts.PostsRepositoryTest" time="0.029"/>
  <testcase name="BaseTimeEntity_등록" classname="com.jojoldu.book.springboot.domain.posts.PostsRepositoryTest" time="0.011"/>
  <system-out><![CDATA[2020-01-23 02:30:04.346  INFO 25415 --- [    Test worker] .b.t.c.SpringBootTestContextBootstrapper : Neither @ContextConfiguration nor @ContextHierarchy found for test class [com.jojoldu.book.springboot.domain.posts.PostsRepositoryTest], using SpringBootContextLoader
2020-01-23 02:30:04.347  INFO 25415 --- [    Test worker] o.s.t.c.support.AbstractContextLoader    : Could not detect default resource locations for test class [com.jojoldu.book.springboot.domain.posts.PostsRepositoryTest]: no resource found for suffixes {-context.xml, Context.groovy}.
2020-01-23 02:30:04.348  INFO 25415 --- [    Test worker] t.c.s.AnnotationConfigContextLoaderUtils : Could not detect default configuration classes for test class [com.jojoldu.book.springboot.domain.posts.PostsRepositoryTest]: PostsRepositoryTest does not declare any static, non-private, non-final, nested classes annotated with @Configuration.
2020-01-23 02:30:04.355  INFO 25415 --- [    Test worker] .b.t.c.SpringBootTestContextBootstrapper : Found @SpringBootConfiguration com.jojoldu.book.springboot.Application for test class com.jojoldu.book.springboot.domain.posts.PostsRepositoryTest
2020-01-23 02:30:04.356  INFO 25415 --- [    Test worker] .b.t.c.SpringBootTestContextBootstrapper : Loaded default TestExecutionListener class names from location [META-INF/spring.factories]: [org.springframework.security.test.context.support.WithSecurityContextTestExecutionListener, org.springframework.security.test.context.support.ReactorContextTestExecutionListener, org.springframework.boot.test.autoconfigure.restdocs.RestDocsTestExecutionListener, org.springframework.boot.test.autoconfigure.web.client.MockRestServiceServerResetTestExecutionListener, org.springframework.boot.test.autoconfigure.web.servlet.MockMvcPrintOnlyOnFailureTestExecutionListener, org.springframework.boot.test.autoconfigure.web.servlet.WebDriverTestExecutionListener, org.springframework.boot.test.mock.mockito.MockitoTestExecutionListener, org.springframework.boot.test.mock.mockito.ResetMocksTestExecutionListener, org.springframework.test.context.web.ServletTestExecutionListener, org.springframework.test.context.support.DirtiesContextBeforeModesTestExecutionListener, org.springframework.test.context.support.DependencyInjectionTestExecutionListener, org.springframework.test.context.support.DirtiesContextTestExecutionListener, org.springframework.test.context.transaction.TransactionalTestExecutionListener, org.springframework.test.context.jdbc.SqlScriptsTestExecutionListener]
2020-01-23 02:30:04.357  INFO 25415 --- [    Test worker] .b.t.c.SpringBootTestContextBootstrapper : Using TestExecutionListeners: [org.springframework.test.context.web.ServletTestExecutionListener@37db3d61, org.springframework.test.context.support.DirtiesContextBeforeModesTestExecutionListener@794bf38, org.springframework.boot.test.mock.mockito.MockitoTestExecutionListener@35072764, org.springframework.boot.test.autoconfigure.SpringBootDependencyInjectionTestExecutionListener@52c4a772, org.springframework.test.context.support.DirtiesContextTestExecutionListener@3c1ab87e, org.springframework.test.context.transaction.TransactionalTestExecutionListener@1ed5adba, org.springframework.test.context.jdbc.SqlScriptsTestExecutionListener@12e58503, org.springframework.security.test.context.support.WithSecurityContextTestExecutionListener@65ed5f1a, org.springframework.security.test.context.support.ReactorContextTestExecutionListener@cddc291, org.springframework.boot.test.autoconfigure.restdocs.RestDocsTestExecutionListener@3f5616cd, org.springframework.boot.test.autoconfigure.web.client.MockRestServiceServerResetTestExecutionListener@12551b9, org.springframework.boot.test.autoconfigure.web.servlet.MockMvcPrintOnlyOnFailureTestExecutionListener@e3fcb08, org.springframework.boot.test.autoconfigure.web.servlet.WebDriverTestExecutionListener@6c944914, org.springframework.boot.test.mock.mockito.ResetMocksTestExecutionListener@637bda35]

  .   ____          _            __ _ _
 /\\ / ___'_ __ _ _(_)_ __  __ _ \ \ \ \
( ( )\___ | '_ | '_| | '_ \/ _` | \ \ \ \
 \\/  ___)| |_)| | | | | || (_| |  ) ) ) )
  '  |____| .__|_| |_|_| |_\__, | / / / /
 =========|_|==============|___/=/_/_/_/
 :: Spring Boot ::        (v2.1.7.RELEASE)

2020-01-23 02:30:04.372  INFO 25415 --- [    Test worker] c.j.b.s.d.posts.PostsRepositoryTest      : Starting PostsRepositoryTest on isin-yug-ui-iMac.local with PID 25415 (started by leeshinyook in /Users/leeshinyook/springboot2-webservice)
2020-01-23 02:30:04.372  INFO 25415 --- [    Test worker] c.j.b.s.d.posts.PostsRepositoryTest      : No active profile set, falling back to default profiles: default
2020-01-23 02:30:04.529  INFO 25415 --- [    Test worker] .s.d.r.c.RepositoryConfigurationDelegate : Bootstrapping Spring Data repositories in DEFAULT mode.
2020-01-23 02:30:04.542  INFO 25415 --- [    Test worker] .s.d.r.c.RepositoryConfigurationDelegate : Finished Spring Data repository scanning in 13ms. Found 2 repository interfaces.
2020-01-23 02:30:04.632  INFO 25415 --- [    Test worker] trationDelegate$BeanPostProcessorChecker : Bean 'org.springframework.transaction.annotation.ProxyTransactionManagementConfiguration' of type [org.springframework.transaction.annotation.ProxyTransactionManagementConfiguration$$EnhancerBySpringCGLIB$$45641588] is not eligible for getting processed by all BeanPostProcessors (for example: not eligible for auto-proxying)
2020-01-23 02:30:04.696  INFO 25415 --- [    Test worker] com.zaxxer.hikari.HikariDataSource       : HikariPool-2 - Starting...
2020-01-23 02:30:04.698  INFO 25415 --- [    Test worker] com.zaxxer.hikari.HikariDataSource       : HikariPool-2 - Start completed.
2020-01-23 02:30:04.714  INFO 25415 --- [    Test worker] o.hibernate.jpa.internal.util.LogHelper  : HHH000204: Processing PersistenceUnitInfo [
	name: default
	...]
2020-01-23 02:30:04.721  INFO 25415 --- [    Test worker] org.hibernate.dialect.Dialect            : HHH000400: Using dialect: org.hibernate.dialect.MySQL5InnoDBDialect
Hibernate: drop table if exists posts
Hibernate: drop table if exists user
Hibernate: create table posts (id bigint not null auto_increment, created_date datetime, modified_date datetime, author varchar(255), content TEXT not null, title varchar(500) not null, primary key (id)) engine=InnoDB
Hibernate: create table user (id bigint not null auto_increment, created_date datetime, modified_date datetime, email varchar(255) not null, name varchar(255) not null, picture varchar(255), role varchar(255) not null, primary key (id)) engine=InnoDB
2020-01-23 02:30:04.776  INFO 25415 --- [    Test worker] o.h.t.schema.internal.SchemaCreatorImpl  : HHH000476: Executing import script 'org.hibernate.tool.schema.internal.exec.ScriptSourceInputNonExistentImpl@20a7e61c'
2020-01-23 02:30:04.777  INFO 25415 --- [    Test worker] j.LocalContainerEntityManagerFactoryBean : Initialized JPA EntityManagerFactory for persistence unit 'default'
2020-01-23 02:30:04.912  INFO 25415 --- [    Test worker] o.h.h.i.QueryTranslatorFactoryInitiator  : HHH000397: Using ASTQueryTranslatorFactory
2020-01-23 02:30:05.006  INFO 25415 --- [    Test worker] o.s.s.web.DefaultSecurityFilterChain     : Creating filter chain: any request, [org.springframework.security.web.context.request.async.WebAsyncManagerIntegrationFilter@68aa8917, org.springframework.security.web.context.SecurityContextPersistenceFilter@12f4f4d5, org.springframework.security.web.header.HeaderWriterFilter@24863f70, org.springframework.security.web.authentication.logout.LogoutFilter@38484eeb, org.springframework.security.oauth2.client.web.OAuth2AuthorizationRequestRedirectFilter@51be5af1, org.springframework.security.oauth2.client.web.OAuth2LoginAuthenticationFilter@43c15c9f, org.springframework.security.web.authentication.ui.DefaultLoginPageGeneratingFilter@d2f41c7, org.springframework.security.web.authentication.ui.DefaultLogoutPageGeneratingFilter@98483cc, org.springframework.security.web.savedrequest.RequestCacheAwareFilter@101b734e, org.springframework.security.web.servletapi.SecurityContextHolderAwareRequestFilter@573a382, org.springframework.security.web.authentication.AnonymousAuthenticationFilter@2a4e39df, org.springframework.security.web.session.SessionManagementFilter@1aa24ecd, org.springframework.security.web.access.ExceptionTranslationFilter@466890bd, org.springframework.security.web.access.intercept.FilterSecurityInterceptor@1a8f6816]
2020-01-23 02:30:05.189  INFO 25415 --- [    Test worker] o.s.s.concurrent.ThreadPoolTaskExecutor  : Initializing ExecutorService 'applicationTaskExecutor'
2020-01-23 02:30:05.200  WARN 25415 --- [    Test worker] aWebConfiguration$JpaWebMvcConfiguration : spring.jpa.open-in-view is enabled by default. Therefore, database queries may be performed during view rendering. Explicitly configure spring.jpa.open-in-view to disable this warning
2020-01-23 02:30:05.219  INFO 25415 --- [    Test worker] o.s.b.a.w.s.WelcomePageHandlerMapping    : Adding welcome page template: index
2020-01-23 02:30:05.446  INFO 25415 --- [    Test worker] s.a.ScheduledAnnotationBeanPostProcessor : No TaskScheduler/ScheduledExecutorService bean found for scheduled processing
2020-01-23 02:30:05.448  INFO 25415 --- [    Test worker] c.j.b.s.d.posts.PostsRepositoryTest      : Started PostsRepositoryTest in 1.089 seconds (JVM running for 9.43)
Hibernate: insert into posts (created_date, modified_date, author, content, title) values (?, ?, ?, ?, ?)
Hibernate: select posts0_.id as id1_0_, posts0_.created_date as created_2_0_, posts0_.modified_date as modified3_0_, posts0_.author as author4_0_, posts0_.content as content5_0_, posts0_.title as title6_0_ from posts posts0_
Hibernate: select posts0_.id as id1_0_, posts0_.created_date as created_2_0_, posts0_.modified_date as modified3_0_, posts0_.author as author4_0_, posts0_.content as content5_0_, posts0_.title as title6_0_ from posts posts0_
Hibernate: delete from posts where id=?
Hibernate: insert into posts (created_date, modified_date, author, content, title) values (?, ?, ?, ?, ?)
Hibernate: select posts0_.id as id1_0_, posts0_.created_date as created_2_0_, posts0_.modified_date as modified3_0_, posts0_.author as author4_0_, posts0_.content as content5_0_, posts0_.title as title6_0_ from posts posts0_
>>>>>>>>> createDate2020-01-23T02:30:05.485400, modifiedDate=2020-01-23T02:30:05.485400
Hibernate: select posts0_.id as id1_0_, posts0_.created_date as created_2_0_, posts0_.modified_date as modified3_0_, posts0_.author as author4_0_, posts0_.content as content5_0_, posts0_.title as title6_0_ from posts posts0_
Hibernate: delete from posts where id=?
]]></system-out>
  <system-err><![CDATA[]]></system-err>
</testsuite>
